<?xml version="1.0" encoding="UTF-8"?>
<testng-results skipped="0" failed="0" ignored="0" total="1" passed="1">
  <reporter-output>
  </reporter-output>
  <suite name="Default suite" duration-ms="6764" started-at="2020-07-16T14:32:37 IST" finished-at="2020-07-16T14:32:43 IST">
    <groups>
    </groups>
    <test name="Default test" duration-ms="6764" started-at="2020-07-16T14:32:37 IST" finished-at="2020-07-16T14:32:43 IST">
      <class name="eBay.eBayTest.searchproduct">
        <test-method status="PASS" signature="launchsite()[pri:0, instance:eBay.eBayTest.searchproduct@2a556333]" name="launchsite" is-config="true" duration-ms="7053" started-at="2020-07-16T14:32:29 IST" finished-at="2020-07-16T14:32:37 IST">
          <reporter-output>
          </reporter-output>
        </test-method> <!-- launchsite -->
        <test-method status="PASS" signature="search()[pri:0, instance:eBay.eBayTest.searchproduct@2a556333]" name="search" duration-ms="6687" started-at="2020-07-16T14:32:37 IST" finished-at="2020-07-16T14:32:43 IST">
          <reporter-output>
          </reporter-output>
        </test-method> <!-- search -->
        <test-method status="PASS" signature="closebrowser()[pri:0, instance:eBay.eBayTest.searchproduct@2a556333]" name="closebrowser" is-config="true" duration-ms="4115" started-at="2020-07-16T14:32:43 IST" finished-at="2020-07-16T14:32:47 IST">
          <reporter-output>
          </reporter-output>
        </test-method> <!-- closebrowser -->
      </class> <!-- eBay.eBayTest.searchproduct -->
    </test> <!-- Default test -->
  </suite> <!-- Default suite -->
</testng-results>
